INFO 2026-07-08 01:01:46,541 Auth info was exported to D:/Visual-Projector3/.tmp/auth_info.json D:\a\neutralinojs\neutralinojs\api\debug\debug.cpp:14 Dmitry@DESKTOP-G90TNHT
ERROR 2026-07-08 01:03:01,263 NE_RS_UNBLDRE: Unable to load application resource file /.well-known/appspecific/com.chrome.devtools.json D:\a\neutralinojs\neutralinojs\api\debug\debug.cpp:17 Dmitry@DESKTOP-G90TNHT
ERROR 2026-07-08 01:07:17,897 NE_RS_UNBLDRE: Unable to load application resource file /.well-known/appspecific/com.chrome.devtools.json D:\a\neutralinojs\neutralinojs\api\debug\debug.cpp:17 Dmitry@DESKTOP-G90TNHT
INFO 2026-07-08 01:07:41,818 Auth info was exported to D:/Visual-Projector3/.tmp/auth_info.json D:\a\neutralinojs\neutralinojs\api\debug\debug.cpp:14 Dmitry@DESKTOP-G90TNHT
ERROR 2026-07-08 01:09:33,017 NE_RS_UNBLDRE: Unable to load application resource file /.well-known/appspecific/com.chrome.devtools.json D:\a\neutralinojs\neutralinojs\api\debug\debug.cpp:17 Dmitry@DESKTOP-G90TNHT
ERROR 2026-07-08 01:10:23,313 NE_RS_UNBLDRE: Unable to load application resource file /.well-known/appspecific/com.chrome.devtools.json D:\a\neutralinojs\neutralinojs\api\debug\debug.cpp:17 Dmitry@DESKTOP-G90TNHT
ERROR 2026-07-08 01:10:29,737 NE_RS_UNBLDRE: Unable to load application resource file /.well-known/appspecific/com.chrome.devtools.json D:\a\neutralinojs\neutralinojs\api\debug\debug.cpp:17 Dmitry@DESKTOP-G90TNHT
ERROR 2026-07-08 01:40:31,493 NE_RS_UNBLDRE: Unable to load application resource file /.well-known/appspecific/com.chrome.devtools.json D:\a\neutralinojs\neutralinojs\api\debug\debug.cpp:17 Dmitry@DESKTOP-G90TNHT
ERROR 2026-07-08 01:47:09,005 NE_RS_UNBLDRE: Unable to load application resource file /.well-known/appspecific/com.chrome.devtools.json D:\a\neutralinojs\neutralinojs\api\debug\debug.cpp:17 Dmitry@DESKTOP-G90TNHT
ERROR 2026-07-08 01:55:37,146 NE_RS_UNBLDRE: Unable to load application resource file /.well-known/appspecific/com.chrome.devtools.json D:\a\neutralinojs\neutralinojs\api\debug\debug.cpp:17 Dmitry@DESKTOP-G90TNHT
ERROR 2026-07-08 02:00:44,690 NE_RS_UNBLDRE: Unable to load application resource file /.well-known/appspecific/com.chrome.devtools.json D:\a\neutralinojs\neutralinojs\api\debug\debug.cpp:17 Dmitry@DESKTOP-G90TNHT
ERROR 2026-07-08 02:06:03,027 NE_RS_UNBLDRE: Unable to load application resource file /.well-known/appspecific/com.chrome.devtools.json D:\a\neutralinojs\neutralinojs\api\debug\debug.cpp:17 Dmitry@DESKTOP-G90TNHT
ERROR 2026-07-08 02:09:20,148 NE_RS_UNBLDRE: Unable to load application resource file /.well-known/appspecific/com.chrome.devtools.json D:\a\neutralinojs\neutralinojs\api\debug\debug.cpp:17 Dmitry@DESKTOP-G90TNHT
ERROR 2026-07-08 02:15:51,819 NE_RS_UNBLDRE: Unable to load application resource file /.well-known/appspecific/com.chrome.devtools.json D:\a\neutralinojs\neutralinojs\api\debug\debug.cpp:17 Dmitry@DESKTOP-G90TNHT
ERROR 2026-07-08 02:16:34,583 NE_RS_UNBLDRE: Unable to load application resource file /.well-known/appspecific/com.chrome.devtools.json D:\a\neutralinojs\neutralinojs\api\debug\debug.cpp:17 Dmitry@DESKTOP-G90TNHT
ERROR 2026-07-08 02:17:32,296 NE_RS_UNBLDRE: Unable to load application resource file /.well-known/appspecific/com.chrome.devtools.json D:\a\neutralinojs\neutralinojs\api\debug\debug.cpp:17 Dmitry@DESKTOP-G90TNHT
ERROR 2026-07-08 02:19:07,188 NE_RS_UNBLDRE: Unable to load application resource file /.well-known/appspecific/com.chrome.devtools.json D:\a\neutralinojs\neutralinojs\api\debug\debug.cpp:17 Dmitry@DESKTOP-G90TNHT
ERROR 2026-07-08 02:21:21,685 NE_RS_UNBLDRE: Unable to load application resource file /.well-known/appspecific/com.chrome.devtools.json D:\a\neutralinojs\neutralinojs\api\debug\debug.cpp:17 Dmitry@DESKTOP-G90TNHT
ERROR 2026-07-08 02:23:36,751 NE_RS_UNBLDRE: Unable to load application resource file /.well-known/appspecific/com.chrome.devtools.json D:\a\neutralinojs\neutralinojs\api\debug\debug.cpp:17 Dmitry@DESKTOP-G90TNHT
ERROR 2026-07-08 02:25:25,972 NE_RS_UNBLDRE: Unable to load application resource file /.well-known/appspecific/com.chrome.devtools.json D:\a\neutralinojs\neutralinojs\api\debug\debug.cpp:17 Dmitry@DESKTOP-G90TNHT
ERROR 2026-07-08 02:27:42,340 NE_RS_UNBLDRE: Unable to load application resource file /.well-known/appspecific/com.chrome.devtools.json D:\a\neutralinojs\neutralinojs\api\debug\debug.cpp:17 Dmitry@DESKTOP-G90TNHT
ERROR 2026-07-08 02:32:42,495 NE_RS_UNBLDRE: Unable to load application resource file /.well-known/appspecific/com.chrome.devtools.json D:\a\neutralinojs\neutralinojs\api\debug\debug.cpp:17 Dmitry@DESKTOP-G90TNHT
ERROR 2026-07-08 02:39:31,207 NE_RS_UNBLDRE: Unable to load application resource file /.well-known/appspecific/com.chrome.devtools.json D:\a\neutralinojs\neutralinojs\api\debug\debug.cpp:17 Dmitry@DESKTOP-G90TNHT
ERROR 2026-07-08 02:43:56,950 NE_RS_UNBLDRE: Unable to load application resource file /.well-known/appspecific/com.chrome.devtools.json D:\a\neutralinojs\neutralinojs\api\debug\debug.cpp:17 Dmitry@DESKTOP-G90TNHT
ERROR 2026-07-08 02:47:35,811 NE_RS_UNBLDRE: Unable to load application resource file /.well-known/appspecific/com.chrome.devtools.json D:\a\neutralinojs\neutralinojs\api\debug\debug.cpp:17 Dmitry@DESKTOP-G90TNHT
ERROR 2026-07-08 02:49:38,481 NE_RS_UNBLDRE: Unable to load application resource file /.well-known/appspecific/com.chrome.devtools.json D:\a\neutralinojs\neutralinojs\api\debug\debug.cpp:17 Dmitry@DESKTOP-G90TNHT
ERROR 2026-07-08 02:53:43,551 NE_RS_UNBLDRE: Unable to load application resource file /.well-known/appspecific/com.chrome.devtools.json D:\a\neutralinojs\neutralinojs\api\debug\debug.cpp:17 Dmitry@DESKTOP-G90TNHT
ERROR 2026-07-08 02:58:45,604 NE_RS_UNBLDRE: Unable to load application resource file /.well-known/appspecific/com.chrome.devtools.json D:\a\neutralinojs\neutralinojs\api\debug\debug.cpp:17 Dmitry@DESKTOP-G90TNHT
ERROR 2026-07-08 03:04:25,062 NE_RS_UNBLDRE: Unable to load application resource file /.well-known/appspecific/com.chrome.devtools.json D:\a\neutralinojs\neutralinojs\api\debug\debug.cpp:17 Dmitry@DESKTOP-G90TNHT
ERROR 2026-07-08 03:08:08,120 NE_RS_UNBLDRE: Unable to load application resource file /.well-known/appspecific/com.chrome.devtools.json D:\a\neutralinojs\neutralinojs\api\debug\debug.cpp:17 Dmitry@DESKTOP-G90TNHT
ERROR 2026-07-08 03:19:44,054 NE_RS_UNBLDRE: Unable to load application resource file /.well-known/appspecific/com.chrome.devtools.json D:\a\neutralinojs\neutralinojs\api\debug\debug.cpp:17 Dmitry@DESKTOP-G90TNHT
ERROR 2026-07-08 03:23:02,037 NE_RS_UNBLDRE: Unable to load application resource file /.well-known/appspecific/com.chrome.devtools.json D:\a\neutralinojs\neutralinojs\api\debug\debug.cpp:17 Dmitry@DESKTOP-G90TNHT
ERROR 2026-07-08 03:23:22,002 NE_RS_UNBLDRE: Unable to load application resource file /.well-known/appspecific/com.chrome.devtools.json D:\a\neutralinojs\neutralinojs\api\debug\debug.cpp:17 Dmitry@DESKTOP-G90TNHT
ERROR 2026-07-08 03:24:23,553 NE_RS_UNBLDRE: Unable to load application resource file /.well-known/appspecific/com.chrome.devtools.json D:\a\neutralinojs\neutralinojs\api\debug\debug.cpp:17 Dmitry@DESKTOP-G90TNHT
ERROR 2026-07-08 03:25:30,804 NE_RS_UNBLDRE: Unable to load application resource file /.well-known/appspecific/com.chrome.devtools.json D:\a\neutralinojs\neutralinojs\api\debug\debug.cpp:17 Dmitry@DESKTOP-G90TNHT
ERROR 2026-07-08 03:26:32,568 NE_RS_UNBLDRE: Unable to load application resource file /.well-known/appspecific/com.chrome.devtools.json D:\a\neutralinojs\neutralinojs\api\debug\debug.cpp:17 Dmitry@DESKTOP-G90TNHT
ERROR 2026-07-08 03:27:07,736 NE_RS_UNBLDRE: Unable to load application resource file /.well-known/appspecific/com.chrome.devtools.json D:\a\neutralinojs\neutralinojs\api\debug\debug.cpp:17 Dmitry@DESKTOP-G90TNHT
ERROR 2026-07-08 03:40:49,968 NE_RS_UNBLDRE: Unable to load application resource file /.well-known/appspecific/com.chrome.devtools.json D:\a\neutralinojs\neutralinojs\api\debug\debug.cpp:17 Dmitry@DESKTOP-G90TNHT
ERROR 2026-07-08 03:45:27,182 NE_RS_UNBLDRE: Unable to load application resource file /.well-known/appspecific/com.chrome.devtools.json D:\a\neutralinojs\neutralinojs\api\debug\debug.cpp:17 Dmitry@DESKTOP-G90TNHT
ERROR 2026-07-08 03:54:06,409 NE_RS_UNBLDRE: Unable to load application resource file /.well-known/appspecific/com.chrome.devtools.json D:\a\neutralinojs\neutralinojs\api\debug\debug.cpp:17 Dmitry@DESKTOP-G90TNHT
ERROR 2026-07-08 04:00:34,043 NE_RS_UNBLDRE: Unable to load application resource file /.well-known/appspecific/com.chrome.devtools.json D:\a\neutralinojs\neutralinojs\api\debug\debug.cpp:17 Dmitry@DESKTOP-G90TNHT
ERROR 2026-07-08 04:01:06,604 NE_RS_UNBLDRE: Unable to load application resource file /.well-known/appspecific/com.chrome.devtools.json D:\a\neutralinojs\neutralinojs\api\debug\debug.cpp:17 Dmitry@DESKTOP-G90TNHT
ERROR 2026-07-08 04:07:18,155 NE_RS_UNBLDRE: Unable to load application resource file /.well-known/appspecific/com.chrome.devtools.json D:\a\neutralinojs\neutralinojs\api\debug\debug.cpp:17 Dmitry@DESKTOP-G90TNHT
ERROR 2026-07-08 04:07:19,089 NE_RS_UNBLDRE: Unable to load application resource file /.well-known/appspecific/com.chrome.devtools.json D:\a\neutralinojs\neutralinojs\api\debug\debug.cpp:17 Dmitry@DESKTOP-G90TNHT
ERROR 2026-07-08 04:07:20,007 NE_RS_UNBLDRE: Unable to load application resource file /.well-known/appspecific/com.chrome.devtools.json D:\a\neutralinojs\neutralinojs\api\debug\debug.cpp:17 Dmitry@DESKTOP-G90TNHT
ERROR 2026-07-08 04:07:20,239 NE_RS_UNBLDRE: Unable to load application resource file /.well-known/appspecific/com.chrome.devtools.json D:\a\neutralinojs\neutralinojs\api\debug\debug.cpp:17 Dmitry@DESKTOP-G90TNHT
ERROR 2026-07-08 04:07:20,405 NE_RS_UNBLDRE: Unable to load application resource file /.well-known/appspecific/com.chrome.devtools.json D:\a\neutralinojs\neutralinojs\api\debug\debug.cpp:17 Dmitry@DESKTOP-G90TNHT
ERROR 2026-07-08 04:07:20,550 NE_RS_UNBLDRE: Unable to load application resource file /.well-known/appspecific/com.chrome.devtools.json D:\a\neutralinojs\neutralinojs\api\debug\debug.cpp:17 Dmitry@DESKTOP-G90TNHT
ERROR 2026-07-08 04:07:20,756 NE_RS_UNBLDRE: Unable to load application resource file /.well-known/appspecific/com.chrome.devtools.json D:\a\neutralinojs\neutralinojs\api\debug\debug.cpp:17 Dmitry@DESKTOP-G90TNHT
ERROR 2026-07-08 04:08:20,417 NE_RS_UNBLDRE: Unable to load application resource file /.well-known/appspecific/com.chrome.devtools.json D:\a\neutralinojs\neutralinojs\api\debug\debug.cpp:17 Dmitry@DESKTOP-G90TNHT
INFO 2026-07-08 15:07:31,804 Auth info was exported to D:/Visual-Projector-Refactor/.tmp/auth_info.json D:\a\neutralinojs\neutralinojs\api\debug\debug.cpp:14 Dmitry@DESKTOP-G90TNHT
ERROR 2026-07-08 15:09:21,353 NE_RS_UNBLDRE: Unable to load application resource file /.well-known/appspecific/com.chrome.devtools.json D:\a\neutralinojs\neutralinojs\api\debug\debug.cpp:17 Dmitry@DESKTOP-G90TNHT
ERROR 2026-07-08 15:19:13,795 NE_RS_UNBLDRE: Unable to load application resource file /.well-known/appspecific/com.chrome.devtools.json D:\a\neutralinojs\neutralinojs\api\debug\debug.cpp:17 Dmitry@DESKTOP-G90TNHT
ERROR 2026-07-08 15:19:19,685 NE_RS_UNBLDRE: Unable to load application resource file /.well-known/appspecific/com.chrome.devtools.json D:\a\neutralinojs\neutralinojs\api\debug\debug.cpp:17 Dmitry@DESKTOP-G90TNHT
ERROR 2026-07-08 15:26:17,991 NE_RS_UNBLDRE: Unable to load application resource file /.well-known/appspecific/com.chrome.devtools.json D:\a\neutralinojs\neutralinojs\api\debug\debug.cpp:17 Dmitry@DESKTOP-G90TNHT
ERROR 2026-07-08 15:38:25,428 NE_RS_UNBLDRE: Unable to load application resource file /.well-known/appspecific/com.chrome.devtools.json D:\a\neutralinojs\neutralinojs\api\debug\debug.cpp:17 Dmitry@DESKTOP-G90TNHT
ERROR 2026-07-08 15:50:52,864 NE_RS_UNBLDRE: Unable to load application resource file /.well-known/appspecific/com.chrome.devtools.json D:\a\neutralinojs\neutralinojs\api\debug\debug.cpp:17 Dmitry@DESKTOP-G90TNHT
ERROR 2026-07-08 16:00:22,500 NE_RS_UNBLDRE: Unable to load application resource file /.well-known/appspecific/com.chrome.devtools.json D:\a\neutralinojs\neutralinojs\api\debug\debug.cpp:17 Dmitry@DESKTOP-G90TNHT
INFO 2026-07-08 16:02:44,643 Auth info was exported to D:/Visual-Projector-Refactor/.tmp/auth_info.json D:\a\neutralinojs\neutralinojs\api\debug\debug.cpp:14 Dmitry@DESKTOP-G90TNHT
ERROR 2026-07-08 16:02:52,760 NE_RS_UNBLDRE: Unable to load application resource file /.well-known/appspecific/com.chrome.devtools.json D:\a\neutralinojs\neutralinojs\api\debug\debug.cpp:17 Dmitry@DESKTOP-G90TNHT
ERROR 2026-07-08 16:18:42,726 NE_RS_UNBLDRE: Unable to load application resource file /.well-known/appspecific/com.chrome.devtools.json D:\a\neutralinojs\neutralinojs\api\debug\debug.cpp:17 Dmitry@DESKTOP-G90TNHT
ERROR 2026-07-08 16:19:42,222 NE_RS_UNBLDRE: Unable to load application resource file /.well-known/appspecific/com.chrome.devtools.json D:\a\neutralinojs\neutralinojs\api\debug\debug.cpp:17 Dmitry@DESKTOP-G90TNHT
ERROR 2026-07-08 16:32:01,048 NE_RS_UNBLDRE: Unable to load application resource file /.well-known/appspecific/com.chrome.devtools.json D:\a\neutralinojs\neutralinojs\api\debug\debug.cpp:17 Dmitry@DESKTOP-G90TNHT
ERROR 2026-07-08 16:34:26,881 NE_RS_UNBLDRE: Unable to load application resource file /.well-known/appspecific/com.chrome.devtools.json D:\a\neutralinojs\neutralinojs\api\debug\debug.cpp:17 Dmitry@DESKTOP-G90TNHT
ERROR 2026-07-08 16:36:08,021 NE_RS_UNBLDRE: Unable to load application resource file /.well-known/appspecific/com.chrome.devtools.json D:\a\neutralinojs\neutralinojs\api\debug\debug.cpp:17 Dmitry@DESKTOP-G90TNHT
ERROR 2026-07-08 16:36:16,368 NE_RS_UNBLDRE: Unable to load application resource file /.well-known/appspecific/com.chrome.devtools.json D:\a\neutralinojs\neutralinojs\api\debug\debug.cpp:17 Dmitry@DESKTOP-G90TNHT
ERROR 2026-07-08 16:42:28,178 NE_RS_UNBLDRE: Unable to load application resource file /.well-known/appspecific/com.chrome.devtools.json D:\a\neutralinojs\neutralinojs\api\debug\debug.cpp:17 Dmitry@DESKTOP-G90TNHT
INFO 2026-07-08 16:44:47,647 Auth info was exported to D:/Visual-Projector-Refactor/.tmp/auth_info.json D:\a\neutralinojs\neutralinojs\api\debug\debug.cpp:14 Dmitry@DESKTOP-G90TNHT
ERROR 2026-07-08 16:44:51,103 NE_RS_UNBLDRE: Unable to load application resource file /.well-known/appspecific/com.chrome.devtools.json D:\a\neutralinojs\neutralinojs\api\debug\debug.cpp:17 Dmitry@DESKTOP-G90TNHT
ERROR 2026-07-08 16:54:46,364 NE_RS_UNBLDRE: Unable to load application resource file /.well-known/appspecific/com.chrome.devtools.json D:\a\neutralinojs\neutralinojs\api\debug\debug.cpp:17 Dmitry@DESKTOP-G90TNHT
ERROR 2026-07-08 16:54:57,100 NE_RS_UNBLDRE: Unable to load application resource file /.well-known/appspecific/com.chrome.devtools.json D:\a\neutralinojs\neutralinojs\api\debug\debug.cpp:17 Dmitry@DESKTOP-G90TNHT
ERROR 2026-07-08 16:56:34,415 NE_RS_UNBLDRE: Unable to load application resource file /.well-known/appspecific/com.chrome.devtools.json D:\a\neutralinojs\neutralinojs\api\debug\debug.cpp:17 Dmitry@DESKTOP-G90TNHT
ERROR 2026-07-08 17:01:41,022 NE_RS_UNBLDRE: Unable to load application resource file /.well-known/appspecific/com.chrome.devtools.json D:\a\neutralinojs\neutralinojs\api\debug\debug.cpp:17 Dmitry@DESKTOP-G90TNHT
ERROR 2026-07-08 17:10:12,446 NE_RS_UNBLDRE: Unable to load application resource file /.well-known/appspecific/com.chrome.devtools.json D:\a\neutralinojs\neutralinojs\api\debug\debug.cpp:17 Dmitry@DESKTOP-G90TNHT
ERROR 2026-07-08 17:18:18,619 NE_RS_UNBLDRE: Unable to load application resource file /.well-known/appspecific/com.chrome.devtools.json D:\a\neutralinojs\neutralinojs\api\debug\debug.cpp:17 Dmitry@DESKTOP-G90TNHT
ERROR 2026-07-08 18:01:58,244 NE_RS_UNBLDRE: Unable to load application resource file /.well-known/appspecific/com.chrome.devtools.json D:\a\neutralinojs\neutralinojs\api\debug\debug.cpp:17 Dmitry@DESKTOP-G90TNHT
ERROR 2026-07-08 18:04:21,709 NE_RS_UNBLDRE: Unable to load application resource file /.well-known/appspecific/com.chrome.devtools.json D:\a\neutralinojs\neutralinojs\api\debug\debug.cpp:17 Dmitry@DESKTOP-G90TNHT
ERROR 2026-07-08 18:06:11,697 NE_RS_UNBLDRE: Unable to load application resource file /.well-known/appspecific/com.chrome.devtools.json D:\a\neutralinojs\neutralinojs\api\debug\debug.cpp:17 Dmitry@DESKTOP-G90TNHT
ERROR 2026-07-08 18:26:25,609 NE_RS_UNBLDRE: Unable to load application resource file /.well-known/appspecific/com.chrome.devtools.json D:\a\neutralinojs\neutralinojs\api\debug\debug.cpp:17 Dmitry@DESKTOP-G90TNHT
ERROR 2026-07-08 18:41:14,055 NE_RS_UNBLDRE: Unable to load application resource file /.well-known/appspecific/com.chrome.devtools.json D:\a\neutralinojs\neutralinojs\api\debug\debug.cpp:17 Dmitry@DESKTOP-G90TNHT
ERROR 2026-07-08 18:54:00,536 NE_RS_UNBLDRE: Unable to load application resource file /.well-known/appspecific/com.chrome.devtools.json D:\a\neutralinojs\neutralinojs\api\debug\debug.cpp:17 Dmitry@DESKTOP-G90TNHT
ERROR 2026-07-08 18:57:37,965 NE_RS_UNBLDRE: Unable to load application resource file /.well-known/appspecific/com.chrome.devtools.json D:\a\neutralinojs\neutralinojs\api\debug\debug.cpp:17 Dmitry@DESKTOP-G90TNHT
ERROR 2026-07-08 19:01:05,750 NE_RS_UNBLDRE: Unable to load application resource file /.well-known/appspecific/com.chrome.devtools.json D:\a\neutralinojs\neutralinojs\api\debug\debug.cpp:17 Dmitry@DESKTOP-G90TNHT
ERROR 2026-07-08 19:06:25,612 NE_RS_UNBLDRE: Unable to load application resource file /.well-known/appspecific/com.chrome.devtools.json D:\a\neutralinojs\neutralinojs\api\debug\debug.cpp:17 Dmitry@DESKTOP-G90TNHT
ERROR 2026-07-08 19:18:00,506 NE_RS_UNBLDRE: Unable to load application resource file /.well-known/appspecific/com.chrome.devtools.json D:\a\neutralinojs\neutralinojs\api\debug\debug.cpp:17 Dmitry@DESKTOP-G90TNHT
ERROR 2026-07-08 19:26:31,695 NE_RS_UNBLDRE: Unable to load application resource file /.well-known/appspecific/com.chrome.devtools.json D:\a\neutralinojs\neutralinojs\api\debug\debug.cpp:17 Dmitry@DESKTOP-G90TNHT
ERROR 2026-07-08 19:26:50,430 NE_RS_UNBLDRE: Unable to load application resource file /.well-known/appspecific/com.chrome.devtools.json D:\a\neutralinojs\neutralinojs\api\debug\debug.cpp:17 Dmitry@DESKTOP-G90TNHT
ERROR 2026-07-08 19:27:26,773 NE_RS_UNBLDRE: Unable to load application resource file /.well-known/appspecific/com.chrome.devtools.json D:\a\neutralinojs\neutralinojs\api\debug\debug.cpp:17 Dmitry@DESKTOP-G90TNHT
ERROR 2026-07-08 19:32:42,918 NE_RS_UNBLDRE: Unable to load application resource file /.well-known/appspecific/com.chrome.devtools.json D:\a\neutralinojs\neutralinojs\api\debug\debug.cpp:17 Dmitry@DESKTOP-G90TNHT
ERROR 2026-07-08 19:33:08,325 NE_RS_UNBLDRE: Unable to load application resource file /.well-known/appspecific/com.chrome.devtools.json D:\a\neutralinojs\neutralinojs\api\debug\debug.cpp:17 Dmitry@DESKTOP-G90TNHT
ERROR 2026-07-08 20:00:27,868 NE_RS_UNBLDRE: Unable to load application resource file /.well-known/appspecific/com.chrome.devtools.json D:\a\neutralinojs\neutralinojs\api\debug\debug.cpp:17 Dmitry@DESKTOP-G90TNHT
ERROR 2026-07-08 20:07:27,201 NE_RS_UNBLDRE: Unable to load application resource file /.well-known/appspecific/com.chrome.devtools.json D:\a\neutralinojs\neutralinojs\api\debug\debug.cpp:17 Dmitry@DESKTOP-G90TNHT
ERROR 2026-07-08 20:10:41,478 NE_RS_UNBLDRE: Unable to load application resource file /.well-known/appspecific/com.chrome.devtools.json D:\a\neutralinojs\neutralinojs\api\debug\debug.cpp:17 Dmitry@DESKTOP-G90TNHT
ERROR 2026-07-08 20:15:19,055 NE_RS_UNBLDRE: Unable to load application resource file /.well-known/appspecific/com.chrome.devtools.json D:\a\neutralinojs\neutralinojs\api\debug\debug.cpp:17 Dmitry@DESKTOP-G90TNHT
ERROR 2026-07-08 20:15:22,778 NE_RS_UNBLDRE: Unable to load application resource file /.well-known/appspecific/com.chrome.devtools.json D:\a\neutralinojs\neutralinojs\api\debug\debug.cpp:17 Dmitry@DESKTOP-G90TNHT
ERROR 2026-07-08 20:15:23,475 NE_RS_UNBLDRE: Unable to load application resource file /.well-known/appspecific/com.chrome.devtools.json D:\a\neutralinojs\neutralinojs\api\debug\debug.cpp:17 Dmitry@DESKTOP-G90TNHT
ERROR 2026-07-08 20:15:24,032 NE_RS_UNBLDRE: Unable to load application resource file /.well-known/appspecific/com.chrome.devtools.json D:\a\neutralinojs\neutralinojs\api\debug\debug.cpp:17 Dmitry@DESKTOP-G90TNHT
ERROR 2026-07-08 20:15:24,719 NE_RS_UNBLDRE: Unable to load application resource file /.well-known/appspecific/com.chrome.devtools.json D:\a\neutralinojs\neutralinojs\api\debug\debug.cpp:17 Dmitry@DESKTOP-G90TNHT
INFO 2026-07-09 08:36:43,379 Auth info was exported to D:/Visual-Projector-Refactor/.tmp/auth_info.json D:\a\neutralinojs\neutralinojs\api\debug\debug.cpp:14 Dmitry@DESKTOP-G90TNHT
INFO 2026-07-09 08:36:49,051 Auth info was exported to D:/Visual-Projector-Refactor/.tmp/auth_info.json D:\a\neutralinojs\neutralinojs\api\debug\debug.cpp:14 Dmitry@DESKTOP-G90TNHT
INFO 2026-07-09 08:42:17,925 Auth info was exported to D:/Visual-Projector-Refactor/.tmp/auth_info.json D:\a\neutralinojs\neutralinojs\api\debug\debug.cpp:14 Dmitry@DESKTOP-G90TNHT
ERROR 2026-07-09 08:51:43,369 NE_RS_UNBLDRE: Unable to load application resource file /.well-known/appspecific/com.chrome.devtools.json D:\a\neutralinojs\neutralinojs\api\debug\debug.cpp:17 Dmitry@DESKTOP-G90TNHT
INFO 2026-07-09 08:54:47,336 Auth info was exported to D:/Visual-Projector-Refactor/.tmp/auth_info.json D:\a\neutralinojs\neutralinojs\api\debug\debug.cpp:14 Dmitry@DESKTOP-G90TNHT
ERROR 2026-07-09 09:20:00,935 NE_RS_UNBLDRE: Unable to load application resource file /.well-known/appspecific/com.chrome.devtools.json D:\a\neutralinojs\neutralinojs\api\debug\debug.cpp:17 Dmitry@DESKTOP-G90TNHT
ERROR 2026-07-09 09:21:52,486 NE_RS_UNBLDRE: Unable to load application resource file /.well-known/appspecific/com.chrome.devtools.json D:\a\neutralinojs\neutralinojs\api\debug\debug.cpp:17 Dmitry@DESKTOP-G90TNHT
ERROR 2026-07-09 09:36:55,271 NE_RS_UNBLDRE: Unable to load application resource file /.well-known/appspecific/com.chrome.devtools.json D:\a\neutralinojs\neutralinojs\api\debug\debug.cpp:17 Dmitry@DESKTOP-G90TNHT
ERROR 2026-07-09 09:40:22,425 NE_RS_UNBLDRE: Unable to load application resource file /.well-known/appspecific/com.chrome.devtools.json D:\a\neutralinojs\neutralinojs\api\debug\debug.cpp:17 Dmitry@DESKTOP-G90TNHT
ERROR 2026-07-09 09:46:01,121 NE_RS_UNBLDRE: Unable to load application resource file /.well-known/appspecific/com.chrome.devtools.json D:\a\neutralinojs\neutralinojs\api\debug\debug.cpp:17 Dmitry@DESKTOP-G90TNHT
ERROR 2026-07-09 10:23:21,052 NE_RS_UNBLDRE: Unable to load application resource file /.well-known/appspecific/com.chrome.devtools.json D:\a\neutralinojs\neutralinojs\api\debug\debug.cpp:17 Dmitry@DESKTOP-G90TNHT
ERROR 2026-07-09 10:25:29,841 NE_RS_UNBLDRE: Unable to load application resource file /.well-known/appspecific/com.chrome.devtools.json D:\a\neutralinojs\neutralinojs\api\debug\debug.cpp:17 Dmitry@DESKTOP-G90TNHT
ERROR 2026-07-09 10:31:44,024 NE_RS_UNBLDRE: Unable to load application resource file /.well-known/appspecific/com.chrome.devtools.json D:\a\neutralinojs\neutralinojs\api\debug\debug.cpp:17 Dmitry@DESKTOP-G90TNHT
ERROR 2026-07-09 10:42:58,054 NE_RS_UNBLDRE: Unable to load application resource file /.well-known/appspecific/com.chrome.devtools.json D:\a\neutralinojs\neutralinojs\api\debug\debug.cpp:17 Dmitry@DESKTOP-G90TNHT
ERROR 2026-07-09 10:46:22,291 NE_RS_UNBLDRE: Unable to load application resource file /.well-known/appspecific/com.chrome.devtools.json D:\a\neutralinojs\neutralinojs\api\debug\debug.cpp:17 Dmitry@DESKTOP-G90TNHT
ERROR 2026-07-09 10:59:26,725 NE_RS_UNBLDRE: Unable to load application resource file /.well-known/appspecific/com.chrome.devtools.json D:\a\neutralinojs\neutralinojs\api\debug\debug.cpp:17 Dmitry@DESKTOP-G90TNHT
ERROR 2026-07-09 11:02:12,638 NE_RS_UNBLDRE: Unable to load application resource file /.well-known/appspecific/com.chrome.devtools.json D:\a\neutralinojs\neutralinojs\api\debug\debug.cpp:17 Dmitry@DESKTOP-G90TNHT
ERROR 2026-07-09 11:02:41,271 NE_RS_UNBLDRE: Unable to load application resource file /.well-known/appspecific/com.chrome.devtools.json D:\a\neutralinojs\neutralinojs\api\debug\debug.cpp:17 Dmitry@DESKTOP-G90TNHT
ERROR 2026-07-09 11:03:08,054 NE_RS_UNBLDRE: Unable to load application resource file /.well-known/appspecific/com.chrome.devtools.json D:\a\neutralinojs\neutralinojs\api\debug\debug.cpp:17 Dmitry@DESKTOP-G90TNHT
ERROR 2026-07-09 11:03:31,525 NE_RS_UNBLDRE: Unable to load application resource file /.well-known/appspecific/com.chrome.devtools.json D:\a\neutralinojs\neutralinojs\api\debug\debug.cpp:17 Dmitry@DESKTOP-G90TNHT
ERROR 2026-07-09 11:04:11,798 NE_RS_UNBLDRE: Unable to load application resource file /.well-known/appspecific/com.chrome.devtools.json D:\a\neutralinojs\neutralinojs\api\debug\debug.cpp:17 Dmitry@DESKTOP-G90TNHT
ERROR 2026-07-09 11:09:44,377 NE_RS_UNBLDRE: Unable to load application resource file /.well-known/appspecific/com.chrome.devtools.json D:\a\neutralinojs\neutralinojs\api\debug\debug.cpp:17 Dmitry@DESKTOP-G90TNHT
ERROR 2026-07-09 11:44:19,975 NE_RS_UNBLDRE: Unable to load application resource file /.well-known/appspecific/com.chrome.devtools.json D:\a\neutralinojs\neutralinojs\api\debug\debug.cpp:17 Dmitry@DESKTOP-G90TNHT
ERROR 2026-07-09 11:52:52,837 NE_RS_UNBLDRE: Unable to load application resource file /.well-known/appspecific/com.chrome.devtools.json D:\a\neutralinojs\neutralinojs\api\debug\debug.cpp:17 Dmitry@DESKTOP-G90TNHT
ERROR 2026-07-09 11:56:54,157 NE_RS_UNBLDRE: Unable to load application resource file /.well-known/appspecific/com.chrome.devtools.json D:\a\neutralinojs\neutralinojs\api\debug\debug.cpp:17 Dmitry@DESKTOP-G90TNHT
INFO 2026-07-09 18:09:55,180 Auth info was exported to D:/Visual-Projector-Refactor/.tmp/auth_info.json D:\a\neutralinojs\neutralinojs\api\debug\debug.cpp:14 Dmitry@DESKTOP-G90TNHT
INFO 2026-07-10 17:37:19,458 Auth info was exported to D:/Visual-Projector-Refactor/.tmp/auth_info.json D:\a\neutralinojs\neutralinojs\api\debug\debug.cpp:14 Dmitry@DESKTOP-G90TNHT
ERROR 2026-07-10 20:51:51,938 NE_RS_UNBLDRE: Unable to load application resource file /cdn-cgi/challenge-platform/scripts/jsd/main.js D:\a\neutralinojs\neutralinojs\api\debug\debug.cpp:17 Dmitry@DESKTOP-G90TNHT
ERROR 2026-07-10 23:21:39,597 NE_RS_UNBLDRE: Unable to load application resource file /.well-known/appspecific/com.chrome.devtools.json D:\a\neutralinojs\neutralinojs\api\debug\debug.cpp:17 Dmitry@DESKTOP-G90TNHT
ERROR 2026-07-10 23:24:48,978 NE_RS_UNBLDRE: Unable to load application resource file /.well-known/appspecific/com.chrome.devtools.json D:\a\neutralinojs\neutralinojs\api\debug\debug.cpp:17 Dmitry@DESKTOP-G90TNHT
ERROR 2026-07-10 23:24:51,126 NE_RS_UNBLDRE: Unable to load application resource file /.well-known/appspecific/com.chrome.devtools.json D:\a\neutralinojs\neutralinojs\api\debug\debug.cpp:17 Dmitry@DESKTOP-G90TNHT
ERROR 2026-07-10 23:52:30,135 NE_RS_UNBLDRE: Unable to load application resource file /.well-known/appspecific/com.chrome.devtools.json D:\a\neutralinojs\neutralinojs\api\debug\debug.cpp:17 Dmitry@DESKTOP-G90TNHT
INFO 2026-07-11 00:26:38,464 Auth info was exported to D:/Visual-Projector-AssetStudio/.tmp/auth_info.json D:\a\neutralinojs\neutralinojs\api\debug\debug.cpp:14 Dmitry@DESKTOP-G90TNHT
ERROR 2026-07-11 00:49:31,820 NE_RS_UNBLDRE: Unable to load application resource file /.well-known/appspecific/com.chrome.devtools.json D:\a\neutralinojs\neutralinojs\api\debug\debug.cpp:17 Dmitry@DESKTOP-G90TNHT
ERROR 2026-07-11 00:54:01,684 NE_RS_UNBLDRE: Unable to load application resource file /.well-known/appspecific/com.chrome.devtools.json D:\a\neutralinojs\neutralinojs\api\debug\debug.cpp:17 Dmitry@DESKTOP-G90TNHT
ERROR 2026-07-11 01:00:21,594 NE_RS_UNBLDRE: Unable to load application resource file /.well-known/appspecific/com.chrome.devtools.json D:\a\neutralinojs\neutralinojs\api\debug\debug.cpp:17 Dmitry@DESKTOP-G90TNHT
ERROR 2026-07-11 01:08:34,036 NE_RS_UNBLDRE: Unable to load application resource file /.well-known/appspecific/com.chrome.devtools.json D:\a\neutralinojs\neutralinojs\api\debug\debug.cpp:17 Dmitry@DESKTOP-G90TNHT
ERROR 2026-07-11 01:14:06,800 NE_RS_UNBLDRE: Unable to load application resource file /.well-known/appspecific/com.chrome.devtools.json D:\a\neutralinojs\neutralinojs\api\debug\debug.cpp:17 Dmitry@DESKTOP-G90TNHT
ERROR 2026-07-11 01:28:58,892 NE_RS_UNBLDRE: Unable to load application resource file /.well-known/appspecific/com.chrome.devtools.json D:\a\neutralinojs\neutralinojs\api\debug\debug.cpp:17 Dmitry@DESKTOP-G90TNHT
ERROR 2026-07-11 01:44:02,404 NE_RS_UNBLDRE: Unable to load application resource file /.well-known/appspecific/com.chrome.devtools.json D:\a\neutralinojs\neutralinojs\api\debug\debug.cpp:17 Dmitry@DESKTOP-G90TNHT
ERROR 2026-07-11 02:01:03,181 NE_RS_UNBLDRE: Unable to load application resource file /.well-known/appspecific/com.chrome.devtools.json D:\a\neutralinojs\neutralinojs\api\debug\debug.cpp:17 Dmitry@DESKTOP-G90TNHT
INFO 2026-07-11 02:01:58,135 Auth info was exported to D:/Visual-Projector-AssetStudio/.tmp/auth_info.json D:\a\neutralinojs\neutralinojs\api\debug\debug.cpp:14 Dmitry@DESKTOP-G90TNHT
ERROR 2026-07-11 02:02:05,650 NE_RS_UNBLDRE: Unable to load application resource file /.well-known/appspecific/com.chrome.devtools.json D:\a\neutralinojs\neutralinojs\api\debug\debug.cpp:17 Dmitry@DESKTOP-G90TNHT
ERROR 2026-07-11 02:03:30,725 NE_RS_UNBLDRE: Unable to load application resource file /.well-known/appspecific/com.chrome.devtools.json D:\a\neutralinojs\neutralinojs\api\debug\debug.cpp:17 Dmitry@DESKTOP-G90TNHT
ERROR 2026-07-11 02:06:10,728 NE_RS_UNBLDRE: Unable to load application resource file /.well-known/appspecific/com.chrome.devtools.json D:\a\neutralinojs\neutralinojs\api\debug\debug.cpp:17 Dmitry@DESKTOP-G90TNHT
ERROR 2026-07-11 02:07:41,209 NE_RS_UNBLDRE: Unable to load application resource file /.well-known/appspecific/com.chrome.devtools.json D:\a\neutralinojs\neutralinojs\api\debug\debug.cpp:17 Dmitry@DESKTOP-G90TNHT
ERROR 2026-07-11 02:14:20,754 NE_RS_UNBLDRE: Unable to load application resource file /.well-known/appspecific/com.chrome.devtools.json D:\a\neutralinojs\neutralinojs\api\debug\debug.cpp:17 Dmitry@DESKTOP-G90TNHT
INFO 2026-07-11 05:57:35,807 Auth info was exported to D:/Visual-Projector-AssetStudio/.tmp/auth_info.json D:\a\neutralinojs\neutralinojs\api\debug\debug.cpp:14 Dmitry@DESKTOP-G90TNHT
INFO 2026-07-11 12:04:04,828 Auth info was exported to D:/Visual-Projector-AssetStudio-Towers/.tmp/auth_info.json D:\a\neutralinojs\neutralinojs\api\debug\debug.cpp:14 Dmitry@DESKTOP-G90TNHT
ERROR 2026-07-11 13:46:29,613 NE_RS_UNBLDRE: Unable to load application resource file /.well-known/appspecific/com.chrome.devtools.json D:\a\neutralinojs\neutralinojs\api\debug\debug.cpp:17 Dmitry@DESKTOP-G90TNHT
ERROR 2026-07-11 13:50:06,197 NE_RS_UNBLDRE: Unable to load application resource file /.well-known/appspecific/com.chrome.devtools.json D:\a\neutralinojs\neutralinojs\api\debug\debug.cpp:17 Dmitry@DESKTOP-G90TNHT
ERROR 2026-07-11 13:51:50,620 NE_RS_UNBLDRE: Unable to load application resource file /.well-known/appspecific/com.chrome.devtools.json D:\a\neutralinojs\neutralinojs\api\debug\debug.cpp:17 Dmitry@DESKTOP-G90TNHT
ERROR 2026-07-11 13:59:01,384 NE_RS_UNBLDRE: Unable to load application resource file /.well-known/appspecific/com.chrome.devtools.json D:\a\neutralinojs\neutralinojs\api\debug\debug.cpp:17 Dmitry@DESKTOP-G90TNHT
ERROR 2026-07-11 13:59:37,699 NE_RS_UNBLDRE: Unable to load application resource file /.well-known/appspecific/com.chrome.devtools.json D:\a\neutralinojs\neutralinojs\api\debug\debug.cpp:17 Dmitry@DESKTOP-G90TNHT
ERROR 2026-07-11 14:14:00,685 NE_RS_UNBLDRE: Unable to load application resource file /.well-known/appspecific/com.chrome.devtools.json D:\a\neutralinojs\neutralinojs\api\debug\debug.cpp:17 Dmitry@DESKTOP-G90TNHT
ERROR 2026-07-11 14:25:31,035 NE_RS_UNBLDRE: Unable to load application resource file /.well-known/appspecific/com.chrome.devtools.json D:\a\neutralinojs\neutralinojs\api\debug\debug.cpp:17 Dmitry@DESKTOP-G90TNHT
ERROR 2026-07-11 14:31:52,041 NE_RS_UNBLDRE: Unable to load application resource file /.well-known/appspecific/com.chrome.devtools.json D:\a\neutralinojs\neutralinojs\api\debug\debug.cpp:17 Dmitry@DESKTOP-G90TNHT
ERROR 2026-07-11 14:48:36,648 NE_RS_UNBLDRE: Unable to load application resource file /.well-known/appspecific/com.chrome.devtools.json D:\a\neutralinojs\neutralinojs\api\debug\debug.cpp:17 Dmitry@DESKTOP-G90TNHT
ERROR 2026-07-11 14:58:07,536 NE_RS_UNBLDRE: Unable to load application resource file /.well-known/appspecific/com.chrome.devtools.json D:\a\neutralinojs\neutralinojs\api\debug\debug.cpp:17 Dmitry@DESKTOP-G90TNHT
ERROR 2026-07-11 15:20:50,490 NE_RS_UNBLDRE: Unable to load application resource file /.well-known/appspecific/com.chrome.devtools.json D:\a\neutralinojs\neutralinojs\api\debug\debug.cpp:17 Dmitry@DESKTOP-G90TNHT
ERROR 2026-07-11 15:52:55,963 NE_RS_UNBLDRE: Unable to load application resource file /.well-known/appspecific/com.chrome.devtools.json D:\a\neutralinojs\neutralinojs\api\debug\debug.cpp:17 Dmitry@DESKTOP-G90TNHT
INFO 2026-07-11 15:56:09,850 Auth info was exported to D:/Visual-Projector-AssetStudio-Towers/.tmp/auth_info.json D:\a\neutralinojs\neutralinojs\api\debug\debug.cpp:14 Dmitry@DESKTOP-G90TNHT
ERROR 2026-07-11 16:17:41,163 NE_RS_UNBLDRE: Unable to load application resource file /.well-known/appspecific/com.chrome.devtools.json D:\a\neutralinojs\neutralinojs\api\debug\debug.cpp:17 Dmitry@DESKTOP-G90TNHT
ERROR 2026-07-11 16:21:29,477 NE_RS_UNBLDRE: Unable to load application resource file /.well-known/appspecific/com.chrome.devtools.json D:\a\neutralinojs\neutralinojs\api\debug\debug.cpp:17 Dmitry@DESKTOP-G90TNHT
ERROR 2026-07-11 17:12:03,003 NE_RS_UNBLDRE: Unable to load application resource file /.well-known/appspecific/com.chrome.devtools.json D:\a\neutralinojs\neutralinojs\api\debug\debug.cpp:17 Dmitry@DESKTOP-G90TNHT
INFO 2026-07-11 17:33:33,431 Auth info was exported to D:/Visual-Projector-AssetStudio-Towers/.tmp/auth_info.json D:\a\neutralinojs\neutralinojs\api\debug\debug.cpp:14 Dmitry@DESKTOP-G90TNHT
INFO 2026-07-11 18:27:13,348 Auth info was exported to D:/Visual-Projector-AssetStudio-Towers/.tmp/auth_info.json D:\a\neutralinojs\neutralinojs\api\debug\debug.cpp:14 Dmitry@DESKTOP-G90TNHT
INFO 2026-07-11 19:21:46,844 Auth info was exported to D:/Visual-Projector-AssetStudio-Towers/.tmp/auth_info.json D:\a\neutralinojs\neutralinojs\api\debug\debug.cpp:14 Dmitry@DESKTOP-G90TNHT
ERROR 2026-07-11 19:29:34,590 NE_RS_UNBLDRE: Unable to load application resource file /.well-known/appspecific/com.chrome.devtools.json D:\a\neutralinojs\neutralinojs\api\debug\debug.cpp:17 Dmitry@DESKTOP-G90TNHT
ERROR 2026-07-11 19:33:29,580 NE_RS_UNBLDRE: Unable to load application resource file /.well-known/appspecific/com.chrome.devtools.json D:\a\neutralinojs\neutralinojs\api\debug\debug.cpp:17 Dmitry@DESKTOP-G90TNHT
INFO 2026-07-11 19:34:00,121 Auth info was exported to D:/Visual-Projector-AssetStudio-Towers/.tmp/auth_info.json D:\a\neutralinojs\neutralinojs\api\debug\debug.cpp:14 Dmitry@DESKTOP-G90TNHT
ERROR 2026-07-11 19:35:47,536 NE_RS_UNBLDRE: Unable to load application resource file /.well-known/appspecific/com.chrome.devtools.json D:\a\neutralinojs\neutralinojs\api\debug\debug.cpp:17 Dmitry@DESKTOP-G90TNHT
ERROR 2026-07-11 19:50:55,900 NE_RS_UNBLDRE: Unable to load application resource file /.well-known/appspecific/com.chrome.devtools.json D:\a\neutralinojs\neutralinojs\api\debug\debug.cpp:17 Dmitry@DESKTOP-G90TNHT
ERROR 2026-07-11 19:53:14,935 NE_RS_UNBLDRE: Unable to load application resource file /.well-known/appspecific/com.chrome.devtools.json D:\a\neutralinojs\neutralinojs\api\debug\debug.cpp:17 Dmitry@DESKTOP-G90TNHT
ERROR 2026-07-11 19:58:47,537 NE_RS_UNBLDRE: Unable to load application resource file /.well-known/appspecific/com.chrome.devtools.json D:\a\neutralinojs\neutralinojs\api\debug\debug.cpp:17 Dmitry@DESKTOP-G90TNHT
ERROR 2026-07-11 20:04:19,276 NE_RS_UNBLDRE: Unable to load application resource file /.well-known/appspecific/com.chrome.devtools.json D:\a\neutralinojs\neutralinojs\api\debug\debug.cpp:17 Dmitry@DESKTOP-G90TNHT
ERROR 2026-07-11 20:19:49,964 NE_RS_UNBLDRE: Unable to load application resource file /.well-known/appspecific/com.chrome.devtools.json D:\a\neutralinojs\neutralinojs\api\debug\debug.cpp:17 Dmitry@DESKTOP-G90TNHT
ERROR 2026-07-11 20:31:09,659 NE_RS_UNBLDRE: Unable to load application resource file /.well-known/appspecific/com.chrome.devtools.json D:\a\neutralinojs\neutralinojs\api\debug\debug.cpp:17 Dmitry@DESKTOP-G90TNHT
ERROR 2026-07-11 21:08:46,714 NE_RS_UNBLDRE: Unable to load application resource file /.well-known/appspecific/com.chrome.devtools.json D:\a\neutralinojs\neutralinojs\api\debug\debug.cpp:17 Dmitry@DESKTOP-G90TNHT
ERROR 2026-07-11 21:15:22,447 NE_RS_UNBLDRE: Unable to load application resource file /.well-known/appspecific/com.chrome.devtools.json D:\a\neutralinojs\neutralinojs\api\debug\debug.cpp:17 Dmitry@DESKTOP-G90TNHT
ERROR 2026-07-11 21:22:03,963 NE_RS_UNBLDRE: Unable to load application resource file /.well-known/appspecific/com.chrome.devtools.json D:\a\neutralinojs\neutralinojs\api\debug\debug.cpp:17 Dmitry@DESKTOP-G90TNHT
ERROR 2026-07-11 21:23:21,524 NE_RS_UNBLDRE: Unable to load application resource file /.well-known/appspecific/com.chrome.devtools.json D:\a\neutralinojs\neutralinojs\api\debug\debug.cpp:17 Dmitry@DESKTOP-G90TNHT
ERROR 2026-07-11 21:23:23,671 NE_RS_UNBLDRE: Unable to load application resource file /.well-known/appspecific/com.chrome.devtools.json D:\a\neutralinojs\neutralinojs\api\debug\debug.cpp:17 Dmitry@DESKTOP-G90TNHT
ERROR 2026-07-11 21:43:35,171 NE_RS_UNBLDRE: Unable to load application resource file /.well-known/appspecific/com.chrome.devtools.json D:\a\neutralinojs\neutralinojs\api\debug\debug.cpp:17 Dmitry@DESKTOP-G90TNHT
INFO 2026-07-12 02:18:46,798 Auth info was exported to D:/Visual-Projector-AssetStudio-Towers/.tmp/auth_info.json D:\a\neutralinojs\neutralinojs\api\debug\debug.cpp:14 Dmitry@DESKTOP-G90TNHT
ERROR 2026-07-12 03:52:53,311 NE_RS_UNBLDRE: Unable to load application resource file /.well-known/appspecific/com.chrome.devtools.json D:\a\neutralinojs\neutralinojs\api\debug\debug.cpp:17 Dmitry@DESKTOP-G90TNHT
ERROR 2026-07-12 03:55:19,369 NE_RS_UNBLDRE: Unable to load application resource file /.well-known/appspecific/com.chrome.devtools.json D:\a\neutralinojs\neutralinojs\api\debug\debug.cpp:17 Dmitry@DESKTOP-G90TNHT
ERROR 2026-07-12 03:55:52,024 NE_RS_UNBLDRE: Unable to load application resource file /.well-known/appspecific/com.chrome.devtools.json D:\a\neutralinojs\neutralinojs\api\debug\debug.cpp:17 Dmitry@DESKTOP-G90TNHT
ERROR 2026-07-12 04:02:15,291 NE_RS_UNBLDRE: Unable to load application resource file /.well-known/appspecific/com.chrome.devtools.json D:\a\neutralinojs\neutralinojs\api\debug\debug.cpp:17 Dmitry@DESKTOP-G90TNHT
ERROR 2026-07-12 04:06:07,507 NE_RS_UNBLDRE: Unable to load application resource file /.well-known/appspecific/com.chrome.devtools.json D:\a\neutralinojs\neutralinojs\api\debug\debug.cpp:17 Dmitry@DESKTOP-G90TNHT
ERROR 2026-07-12 04:15:47,677 NE_RS_UNBLDRE: Unable to load application resource file /.well-known/appspecific/com.chrome.devtools.json D:\a\neutralinojs\neutralinojs\api\debug\debug.cpp:17 Dmitry@DESKTOP-G90TNHT
ERROR 2026-07-12 04:20:47,659 NE_RS_UNBLDRE: Unable to load application resource file /.well-known/appspecific/com.chrome.devtools.json D:\a\neutralinojs\neutralinojs\api\debug\debug.cpp:17 Dmitry@DESKTOP-G90TNHT
INFO 2026-07-12 10:37:41,736 Auth info was exported to D:/Visual-Projector-AssetStudio-Towers/.tmp/auth_info.json D:\a\neutralinojs\neutralinojs\api\debug\debug.cpp:14 Dmitry@DESKTOP-G90TNHT
